# JRE version: Java(TM) SE Runtime Environment (8.0_102-b14) (build 1.8.0_102-b14)
# Java VM: Java HotSpot(TM) 64-Bit Server VM (25.102-b14 mixed mode linux-amd64 compressed oops)
Heap:
 PSYoungGen      total 305664K, used 200760K [0x00000000eab00000, 0x0000000100000000, 0x0000000100000000)
  eden space 262144K, 76% used [0x00000000eab00000,0x00000000f6f0e338,0x00000000fab00000)
  from space 43520K, 0% used [0x00000000fab00000,0x00000000fab00000,0x00000000fd580000)
  to   space 43520K, 0% used [0x00000000fd580000,0x00000000fd580000,0x0000000100000000)
 ParOldGen       total 699392K, used 116289K [0x00000000c0000000, 0x00000000eab00000, 0x00000000eab00000)
  object space 699392K, 16% used [0x00000000c0000000,0x00000000c71906c8,0x00000000eab00000)
 Metaspace       used 87381K, capacity 88087K, committed 88488K, reserved 1122304K
  class space    used 15525K, capacity 15716K, committed 15792K, reserved 1048576K
GC Heap History (10 events):
Event: 3,915 GC heap before
{Heap before GC invocations=8 (full 4):
 PSYoungGen      total 305664K, used 64K [0x00000000eab00000, 0x0000000100000000, 0x0000000100000000)
  eden space 262144K, 0% used [0x00000000eab00000,0x00000000eab00000,0x00000000fab00000)
  from space 43520K, 0% used [0x00000000fd580000,0x00000000fd590000,0x0000000100000000)
  to   space 43520K, 0% used [0x00000000fab00000,0x00000000fab00000,0x00000000fd580000)
 ParOldGen       total 699392K, used 22760K [0x00000000c0000000, 0x00000000eab00000, 0x00000000eab00000)
  object space 699392K, 3% used [0x00000000c0000000,0x00000000c163a0a8,0x00000000eab00000)
 Metaspace       used 44462K, capacity 44898K, committed 45096K, reserved 1085440K
  class space    used 8282K, capacity 8394K, committed 8496K, reserved 1048576K
Event: 3,967 GC heap after
Heap after GC invocations=8 (full 4):
 PSYoungGen      total 305664K, used 0K [0x00000000eab00000, 0x0000000100000000, 0x0000000100000000)
  eden space 262144K, 0% used [0x00000000eab00000,0x00000000eab00000,0x00000000fab00000)
  from space 43520K, 0% used [0x00000000fd580000,0x00000000fd580000,0x0000000100000000)
  to   space 43520K, 0% used [0x00000000fab00000,0x00000000fab00000,0x00000000fd580000)
 ParOldGen       total 699392K, used 16173K [0x00000000c0000000, 0x00000000eab00000, 0x00000000eab00000)
  object space 699392K, 2% used [0x00000000c0000000,0x00000000c0fcb510,0x00000000eab00000)
 Metaspace       used 44462K, capacity 44898K, committed 45096K, reserved 1085440K
  class space    used 8282K, capacity 8394K, committed 8496K, reserved 1048576K
}
Event: 4,937 GC heap before
{Heap before GC invocations=9 (full 4):
 PSYoungGen      total 305664K, used 262144K [0x00000000eab00000, 0x0000000100000000, 0x0000000100000000)
  eden space 262144K, 100% used [0x00000000eab00000,0x00000000fab00000,0x00000000fab00000)
  from space 43520K, 0% used [0x00000000fd580000,0x00000000fd580000,0x0000000100000000)
  to   space 43520K, 0% used [0x00000000fab00000,0x00000000fab00000,0x00000000fd580000)
 ParOldGen       total 699392K, used 16173K [0x00000000c0000000, 0x00000000eab00000, 0x00000000eab00000)
  object space 699392K, 2% used [0x00000000c0000000,0x00000000c0fcb510,0x00000000eab00000)
 Metaspace       used 49174K, capacity 49746K, committed 49960K, reserved 1089536K
  class space    used 9508K, capacity 9689K, committed 9776K, reserved 1048576K
Event: 4,951 GC heap after
Heap after GC invocations=9 (full 4):
 PSYoungGen      total 305664K, used 10829K [0x00000000eab00000, 0x0000000100000000, 0x0000000100000000)
  eden space 262144K, 0% used [0x00000000eab00000,0x00000000eab00000,0x00000000fab00000)
  from space 43520K, 24% used [0x00000000fab00000,0x00000000fb593408,0x00000000fd580000)
  to   space 43520K, 0% used [0x00000000fd580000,0x00000000fd580000,0x0000000100000000)
 ParOldGen       total 699392K, used 16181K [0x00000000c0000000, 0x00000000eab00000, 0x00000000eab00000)
  object space 699392K, 2% used [0x00000000c0000000,0x00000000c0fcd510,0x00000000eab00000)
 Metaspace       used 49174K, capacity 49746K, committed 49960K, reserved 1089536K
  class space    used 9508K, capacity 9689K, committed 9776K, reserved 1048576K
}
Event: 5,853 GC heap before
{Heap before GC invocations=10 (full 4):
 PSYoungGen      total 305664K, used 272973K [0x00000000eab00000, 0x0000000100000000, 0x0000000100000000)
  eden space 262144K, 100% used [0x00000000eab00000,0x00000000fab00000,0x00000000fab00000)
  from space 43520K, 24% used [0x00000000fab00000,0x00000000fb593408,0x00000000fd580000)
  to   space 43520K, 0% used [0x00000000fd580000,0x00000000fd580000,0x0000000100000000)
 ParOldGen       total 699392K, used 16181K [0x00000000c0000000, 0x00000000eab00000, 0x00000000eab00000)
  object space 699392K, 2% used [0x00000000c0000000,0x00000000c0fcd510,0x00000000eab00000)
 Metaspace       used 54627K, capacity 55192K, committed 55336K, reserved 1093632K
  class space    used 10511K, capacity 10710K, committed 10800K, reserved 1048576K
Event: 5,909 GC heap after
Heap after GC invocations=10 (full 4):
 PSYoungGen      total 305664K, used 38023K [0x00000000eab00000, 0x0000000100000000, 0x0000000100000000)
  eden space 262144K, 0% used [0x00000000eab00000,0x00000000eab00000,0x00000000fab00000)
  from space 43520K, 87% used [0x00000000fd580000,0x00000000ffaa1f18,0x0000000100000000)
  to   space 43520K, 0% used [0x00000000fab00000,0x00000000fab00000,0x00000000fd580000)
 ParOldGen       total 699392K, used 16181K [0x00000000c0000000, 0x00000000eab00000, 0x00000000eab00000)
  object space 699392K, 2% used [0x00000000c0000000,0x00000000c0fcd510,0x00000000eab00000)
 Metaspace       used 54627K, capacity 55192K, committed 55336K, reserved 1093632K
  class space    used 10511K, capacity 10710K, committed 10800K, reserved 1048576K
}
Event: 7,349 GC heap before
{Heap before GC invocations=11 (full 4):
 PSYoungGen      total 305664K, used 233011K [0x00000000eab00000, 0x0000000100000000, 0x0000000100000000)
  eden space 262144K, 74% used [0x00000000eab00000,0x00000000f696adf8,0x00000000fab00000)
  from space 43520K, 87% used [0x00000000fd580000,0x00000000ffaa1f18,0x0000000100000000)
  to   space 43520K, 0% used [0x00000000fab00000,0x00000000fab00000,0x00000000fd580000)
 ParOldGen       total 699392K, used 16181K [0x00000000c0000000, 0x00000000eab00000, 0x00000000eab00000)
  object space 699392K, 2% used [0x00000000c0000000,0x00000000c0fcd510,0x00000000eab00000)
 Metaspace       used 74378K, capacity 75023K, committed 75160K, reserved 1110016K
  class space    used 13647K, capacity 13860K, committed 13872K, reserved 1048576K
Event: 7,432 GC heap after
Heap after GC invocations=11 (full 4):
 PSYoungGen      total 305664K, used 43506K [0x00000000eab00000, 0x0000000100000000, 0x0000000100000000)
  eden space 262144K, 0% used [0x00000000eab00000,0x00000000eab00000,0x00000000fab00000)
  from space 43520K, 99% used [0x00000000fab00000,0x00000000fd57cb10,0x00000000fd580000)
  to   space 43520K, 0% used [0x00000000fd580000,0x00000000fd580000,0x0000000100000000)
 ParOldGen       total 699392K, used 76672K [0x00000000c0000000, 0x00000000eab00000, 0x00000000eab00000)
  object space 699392K, 10% used [0x00000000c0000000,0x00000000c4ae03a8,0x00000000eab00000)
 Metaspace       used 74378K, capacity 75023K, committed 75160K, reserved 1110016K
  class space    used 13647K, capacity 13860K, committed 13872K, reserved 1048576K
}
Event: 7,432 GC heap before
{Heap before GC invocations=12 (full 5):
 PSYoungGen      total 305664K, used 43506K [0x00000000eab00000, 0x0000000100000000, 0x0000000100000000)
  eden space 262144K, 0% used [0x00000000eab00000,0x00000000eab00000,0x00000000fab00000)
  from space 43520K, 99% used [0x00000000fab00000,0x00000000fd57cb10,0x00000000fd580000)
  to   space 43520K, 0% used [0x00000000fd580000,0x00000000fd580000,0x0000000100000000)
 ParOldGen       total 699392K, used 76672K [0x00000000c0000000, 0x00000000eab00000, 0x00000000eab00000)
  object space 699392K, 10% used [0x00000000c0000000,0x00000000c4ae03a8,0x00000000eab00000)
 Metaspace       used 74378K, capacity 75023K, committed 75160K, reserved 1110016K
  class space    used 13647K, capacity 13860K, committed 13872K, reserved 1048576K
Event: 7,665 GC heap after
Heap after GC invocations=12 (full 5):
 PSYoungGen      total 305664K, used 0K [0x00000000eab00000, 0x0000000100000000, 0x0000000100000000)
  eden space 262144K, 0% used [0x00000000eab00000,0x00000000eab00000,0x00000000fab00000)
  from space 43520K, 0% used [0x00000000fab00000,0x00000000fab00000,0x00000000fd580000)
  to   space 43520K, 0% used [0x00000000fd580000,0x00000000fd580000,0x0000000100000000)
 ParOldGen       total 699392K, used 116289K [0x00000000c0000000, 0x00000000eab00000, 0x00000000eab00000)
  object space 699392K, 16% used [0x00000000c0000000,0x00000000c71906c8,0x00000000eab00000)
 Metaspace       used 74365K, capacity 75007K, committed 75160K, reserved 1110016K
  class space    used 13643K, capacity 13856K, committed 13872K, reserved 1048576K
}

